<?xml version="1.0" encoding="UTF-8"?>
<testsuite name="JUnit Jupiter" tests="5" skipped="0" failures="0" errors="0" time="0.214" hostname="anubis" timestamp="2022-10-21T12:53:39">
<properties>
[...]
</properties>
<testcase name="testSomma()" classname="CalcolatriceTest" time="0.071">
<system-out><![CDATA[
unique-id: [engine:junit-jupiter]/[class:CalcolatriceTest]/[method:testSomma()]
display-name: testSomma()
]]></system-out>
</testcase>
<testcase name="testDivisione()" classname="CalcolatriceTest" time="0.003">
<system-out><![CDATA[
unique-id: [engine:junit-jupiter]/[class:CalcolatriceTest]/[method:testDivisione()]
display-name: testDivisione()
]]></system-out>
</testcase>
<testcase name="testDivisionePerZero()" classname="CalcolatriceTest" time="0.005">
<system-out><![CDATA[
unique-id: [engine:junit-jupiter]/[class:CalcolatriceTest]/[method:testDivisionePerZero()]
display-name: testDivisionePerZero()
]]></system-out>
</testcase>
<testcase name="testSottrazione()" classname="CalcolatriceTest" time="0.002">
<system-out><![CDATA[
unique-id: [engine:junit-jupiter]/[class:CalcolatriceTest]/[method:testSottrazione()]
display-name: testSottrazione()
]]></system-out>
</testcase>
<testcase name="testMoltiplicazione()" classname="CalcolatriceTest" time="0.002">
<system-out><![CDATA[
unique-id: [engine:junit-jupiter]/[class:CalcolatriceTest]/[method:testMoltiplicazione()]
display-name: testMoltiplicazione()
]]></system-out>
</testcase>
<system-out><![CDATA[
unique-id: [engine:junit-jupiter]
display-name: JUnit Jupiter
]]></system-out>
</testsuite>
